<?xml version="1.0" encoding="UTF-8"?>
<testng-results ignored="0" total="1" passed="1" failed="0" skipped="0">
  <reporter-output>
  </reporter-output>
  <suite started-at="2024-07-05T17:07:34 IST" name="Default suite" finished-at="2024-07-05T17:08:11 IST" duration-ms="36770">
    <groups>
    </groups>
    <test started-at="2024-07-05T17:07:34 IST" name="Default test" finished-at="2024-07-05T17:08:11 IST" duration-ms="36770">
      <class name="TestCases.TC01_Jobs">
        <test-method signature="JobsTest()[pri:0, instance:TestCases.TC01_Jobs@60df60da]" started-at="2024-07-05T17:07:34 IST" name="JobsTest" finished-at="2024-07-05T17:08:11 IST" duration-ms="36726" status="PASS">
          <reporter-output>
          </reporter-output>
        </test-method> <!-- JobsTest -->
      </class> <!-- TestCases.TC01_Jobs -->
    </test> <!-- Default test -->
  </suite> <!-- Default suite -->
</testng-results>
